<?xml version="1.0" encoding="UTF-8"?>
<!-- Generated by org.testng.reporters.JUnitReportReporter -->
<testsuite hostname="DESKTOP-077G3EM" failures="0" tests="2" name="selenium.TestNG1" time="4.602" errors="0" timestamp="2024-10-25T13:11:22 CST" skipped="0">
  <testcase classname="selenium.TestNG1" name="SquareTwo" time="2.253"/>
  <testcase classname="selenium.TestNG1" name="SquareOne" time="2.349"/>
</testsuite> <!-- selenium.TestNG1 -->
