<?xml version="1.0" encoding="UTF-8"?>
<!-- Generated by org.testng.reporters.JUnitReportReporter -->
<testsuite hostname="DESKTOP-077G3EM" failures="0" tests="1" name="TestNGG_Day1.TakeExtent" time="0.147" errors="0" timestamp="2025-06-30T18:25:15 CST" skipped="0">
  <testcase classname="TestNGG_Day1.TakeExtent" name="name" time="0.147"/>
</testsuite> <!-- TestNGG_Day1.TakeExtent -->
