<?xml version="1.0" encoding="UTF-8"?>
<!-- Generated by org.testng.reporters.JUnitReportReporter -->
<testsuite hostname="DESKTOP-077G3EM" failures="0" tests="1" name="TestNGG.Launch" time="0.226" errors="0" timestamp="2025-06-30T16:07:39 CST" skipped="0">
  <testcase classname="TestNGG.Launch" name="meth" time="0.226"/>
</testsuite> <!-- TestNGG.Launch -->
