<?xml version="1.0" encoding="UTF-8"?>
<!-- Generated by org.testng.reporters.JUnitReportReporter -->
<testsuite hostname="DESKTOP-077G3EM" failures="0" tests="1" name="TestNGG.One1" time="0.009" errors="0" timestamp="2025-06-25T15:28:25 CST" skipped="0">
  <testcase classname="TestNGG.One1" name="login" time="0.009"/>
</testsuite> <!-- TestNGG.One1 -->
