<?xml version="1.0" encoding="UTF-8"?>
<!-- Generated by org.testng.reporters.JUnitReportReporter -->
<testsuite hostname="DESKTOP-077G3EM" failures="0" tests="2" name="TestNGG.TakeSS" time="35.654" errors="0" timestamp="2025-06-25T16:06:25 CST" skipped="0">
  <testcase classname="TestNGG.TakeSS" name="Take" time="20.572"/>
  <testcase classname="TestNGG.TakeSS" name="scroll" time="15.082"/>
</testsuite> <!-- TestNGG.TakeSS -->
