<?xml version="1.0" encoding="UTF-8"?>
<!-- Generated by org.testng.reporters.JUnitReportReporter -->
<testsuite hostname="DESKTOP-077G3EM" failures="0" tests="1" name="TestNG_Day2.Navigation" time="8.880" errors="0" timestamp="2025-07-01T09:31:05 CST" skipped="0">
  <testcase classname="TestNG_Day2.Navigation" name="testLoginNavi" time="8.880"/>
</testsuite> <!-- TestNG_Day2.Navigation -->
