<?xml version="1.0" encoding="UTF-8"?>
<!-- Generated by org.testng.reporters.JUnitReportReporter -->
<testsuite hostname="DESKTOP-077G3EM" failures="0" tests="2" name="TestNGG.ZoomIn" time="7.770" errors="0" timestamp="2025-06-30T12:40:54 CST" skipped="0">
  <testcase classname="TestNGG.ZoomIn" name="login" time="2.481"/>
  <testcase classname="TestNGG.ZoomIn" name="Zoom" time="5.289"/>
</testsuite> <!-- TestNGG.ZoomIn -->
