<?xml version="1.0" encoding="UTF-8"?>
<!-- Generated by org.testng.reporters.JUnitReportReporter -->
<testsuite hostname="DESKTOP-077G3EM" failures="0" tests="1" name="selenium.Class" time="11.334" errors="0" timestamp="2024-10-23T21:45:21 CST" skipped="0">
  <testcase classname="selenium.Class" name="dropDown" time="11.334"/>
</testsuite> <!-- selenium.Class -->
