<?xml version="1.0" encoding="UTF-8"?>
<!-- Generated by org.testng.reporters.JUnitReportReporter -->
<testsuite hostname="DESKTOP-077G3EM" failures="0" tests="1" name="TestNG_Day4.DatePickers" time="1.757" errors="0" timestamp="2025-07-23T21:58:17 CST" skipped="0">
  <testcase classname="TestNG_Day4.DatePickers" name="second" time="1.757"/>
</testsuite> <!-- TestNG_Day4.DatePickers -->
