<?xml version="1.0" encoding="UTF-8"?>
<!-- Generated by org.testng.reporters.JUnitReportReporter -->
<testsuite hostname="DESKTOP-077G3EM" failures="0" tests="3" name="TestNGG.Alerts" time="5.711" errors="0" timestamp="2025-06-28T20:05:57 CST" skipped="0">
  <testcase classname="TestNGG.Alerts" name="Login" time="2.421"/>
  <testcase classname="TestNGG.Alerts" name="Alertee" time="0.165"/>
  <testcase classname="TestNGG.Alerts" name="input" time="3.125"/>
</testsuite> <!-- TestNGG.Alerts -->
