<?xml version="1.0" encoding="UTF-8"?>
<!-- Generated by org.testng.reporters.JUnitReportReporter -->
<testsuite hostname="DESKTOP-077G3EM" failures="0" tests="2" name="TestNG_Day2.Alertss" time="7.776" errors="0" timestamp="2025-07-10T08:58:11 CST" skipped="0">
  <testcase classname="TestNG_Day2.Alertss" name="testauto" time="6.745"/>
  <testcase classname="TestNG_Day2.Alertss" name="second" time="1.031"/>
</testsuite> <!-- TestNG_Day2.Alertss -->
