<?xml version="1.0" encoding="UTF-8"?>
<!-- Generated by org.testng.reporters.JUnitReportReporter -->
<testsuite hostname="DESKTOP-077G3EM" failures="0" tests="4" name="TestNGG.CheckBoxes" time="7.312" errors="0" timestamp="2025-06-28T18:45:54 CST" skipped="0">
  <testcase classname="TestNGG.CheckBoxes" name="CheckBoxLogin" time="6.110"/>
  <testcase classname="TestNGG.CheckBoxes" name="checkBoxes" time="0.867"/>
  <testcase classname="TestNGG.CheckBoxes" name="checkLink" time="0.009"/>
  <testcase classname="TestNGG.CheckBoxes" name="checkOnly" time="0.326"/>
</testsuite> <!-- TestNGG.CheckBoxes -->
